<?xml version="1.0" encoding="UTF-8"?>
<testng-results ignored="2" total="4" passed="2" failed="0" skipped="0">
  <reporter-output>
  </reporter-output>
  <suite started-at="2023-05-23T12:41:03 IST" name="InterviewTask_techStalWarts" finished-at="2023-05-23T12:41:15 IST" duration-ms="11101">
    <groups>
    </groups>
    <test started-at="2023-05-23T12:41:03 IST" name="Interview Test" finished-at="2023-05-23T12:41:15 IST" duration-ms="11101">
      <class name="com.TechStalWarts.testCase.TC_Protect">
        <test-method is-config="true" signature="pageObjects()[pri:0, instance:com.TechStalWarts.testCase.TC_Protect@6e6f2380]" started-at="2023-05-23T12:41:04 IST" name="pageObjects" finished-at="2023-05-23T12:41:04 IST" duration-ms="3" status="PASS">
          <reporter-output>
          </reporter-output>
        </test-method> <!-- pageObjects -->
        <test-method signature="tc_pro_001(java.util.Map,java.lang.reflect.Method)[pri:0, instance:com.TechStalWarts.testCase.TC_Protect@6e6f2380]" started-at="2023-05-23T12:41:05 IST" name="tc_pro_001" description="Login" data-provider="getData" finished-at="2023-05-23T12:41:10 IST" duration-ms="5113" status="PASS">
          <params>
            <param index="0">
              <value>
                <![CDATA[{password=123, DOB=, AdharCardNum=, testname=tc_pro_001, PAN=, execute=yes, username=kiran.jadhav1993+14@gmail.com}]]>
              </value>
            </param>
            <param index="1">
              <value>
                <![CDATA[public void com.TechStalWarts.testCase.TC_Protect.tc_pro_001(java.util.Map,java.lang.reflect.Method)]]>
              </value>
            </param>
          </params>
          <reporter-output>
          </reporter-output>
        </test-method> <!-- tc_pro_001 -->
        <test-method signature="tc_pro_003(java.util.Map,java.lang.reflect.Method)[pri:0, instance:com.TechStalWarts.testCase.TC_Protect@6e6f2380]" started-at="2023-05-23T12:41:10 IST" name="tc_pro_003" description="Sync Your Portfolio" data-provider="getData" finished-at="2023-05-23T12:41:15 IST" duration-ms="4848" status="PASS">
          <params>
            <param index="0">
              <value>
                <![CDATA[{password=, DOB=, AdharCardNum=, testname=tc_pro_003, PAN=, execute=yes, username=}]]>
              </value>
            </param>
            <param index="1">
              <value>
                <![CDATA[public void com.TechStalWarts.testCase.TC_Protect.tc_pro_003(java.util.Map,java.lang.reflect.Method)]]>
              </value>
            </param>
          </params>
          <reporter-output>
          </reporter-output>
        </test-method> <!-- tc_pro_003 -->
      </class> <!-- com.TechStalWarts.testCase.TC_Protect -->
      <class name="com.TechStalWarts.testCase.TC_portFolioGeneration">
        <test-method is-config="true" signature="setup()[pri:0, instance:com.TechStalWarts.testCase.TC_portFolioGeneration@6892b3b6]" started-at="2023-05-23T12:40:53 IST" name="setup" finished-at="2023-05-23T12:41:03 IST" duration-ms="10288" status="PASS">
          <reporter-output>
          </reporter-output>
        </test-method> <!-- setup -->
        <test-method is-config="true" signature="tearDown()[pri:0, instance:com.TechStalWarts.testCase.TC_portFolioGeneration@6892b3b6]" started-at="2023-05-23T12:41:15 IST" name="tearDown" finished-at="2023-05-23T12:41:15 IST" duration-ms="0" status="PASS">
          <reporter-output>
          </reporter-output>
        </test-method> <!-- tearDown -->
      </class> <!-- com.TechStalWarts.testCase.TC_portFolioGeneration -->
    </test> <!-- Interview Test -->
  </suite> <!-- InterviewTask_techStalWarts -->
</testng-results>
